SonarQube plugins:
  - CSS Code Quality and Security 1.4.2.2002 (cssfamily)
  - PL/SQL Code Quality and Security 3.6.1.3873 (plsql)
  - Scala Code Quality and Security 1.8.3.2219 (sonarscala)
  - C# Code Quality and Security 8.22.0.31243 (csharp)
  - Vulnerability Analysis 8.9.0.11439 (security)
  - Java Code Quality and Security 6.15.1.26025 (java)
  - HTML Code Quality and Security 3.4.0.2754 (web)
  - Flex Code Quality and Security 2.6.1.2564 (flex)
  - XML Code Quality and Security 2.2.0.2973 (xml)
  - VB.NET Code Quality and Security 8.22.0.31243 (vbnet)
  - Swift Code Quality and Security 4.3.1.4892 (swift)
  - CFamily Code Quality and Security 6.20.2.38358 (cpp)
  - Python Code Quality and Security 3.4.1.8066 (python)
  - Go Code Quality and Security 1.8.3.2219 (go)
  - JaCoCo 1.1.1.1157 (jacoco)
  - Kotlin Code Quality and Security 1.8.3.2219 (kotlin)
  - RPG Code Quality 2.5.1.2575 (rpg)
  - PL/I Code Quality and Security 1.11.1.2727 (pli)
  - T-SQL Code Quality and Security 1.5.1.4340 (tsql)
  - VB6 Code Quality and Security 2.7.1.2721 (vb)
  - Apex Code Quality and Security 1.8.3.2219 (sonarapex)
  - JavaScript/TypeScript Code Quality and Security 7.4.4.15624 (javascript)
  - Ruby Code Quality and Security 1.8.3.2219 (ruby)
  - Vulnerability Rules for C# 8.9.0.11439 (securitycsharpfrontend)
  - Vulnerability Rules for Java 8.9.0.11439 (securityjavafrontend)
  - License for SonarLint 8.9.6.50800 (license)
  - Vulnerability Rules for JS 8.9.0.11439 (securityjsfrontend)
  - COBOL Code Quality 4.6.2.4876 (cobol)
  - Vulnerability Rules for Python 8.9.0.11439 (securitypythonfrontend)
  - PHP Code Quality and Security 3.17.0.7439 (php)
  - ABAP Code Quality and Security 3.9.1.3127 (abap)
  - Vulnerability Rules for PHP 8.9.0.11439 (securityphpfrontend)
Global server settings:
  - sonar.auth.gitlab.applicationId.secured=******
  - sonar.auth.gitlab.enabled=false
  - sonar.auth.gitlab.secret.secured=******
  - sonar.auth.saml.applicationId=sonarqube
  - sonar.auth.saml.certificate.secured=******
  - sonar.auth.saml.enabled=false
  - sonar.auth.saml.group.name=http://schemas.microsoft.com/ws/2008/06/identity/claims/groups
  - sonar.auth.saml.loginUrl=https://login.microsoftonline.com/75622d57-788f-4dd3-b33c-739f625e6311/saml2
  - sonar.auth.saml.providerId=https://sts.windows.net/75622d57-788f-4dd3-b33c-739f625e6311/
  - sonar.auth.saml.user.email=http://schemas.xmlsoap.org/ws/2005/05/identity/claims/name
  - sonar.auth.saml.user.login=http://schemas.xmlsoap.org/ws/2005/05/identity/claims/name
  - sonar.auth.saml.user.name=http://schemas.microsoft.com/identity/claims/displayname
  - sonar.core.id=0BED1711-AXsAKRNpymWUfn6F1-Ws
  - sonar.core.serverBaseURL=https://ee89-jting-us.ngrok.io
  - sonar.core.startTime=2022-02-03T16:20:38-0600
  - sonar.dbcleaner.branchesToKeepWhenInactive=master,develop,trunk
  - sonar.forceAuthentication=true
  - sonar.plugins.risk.consent=ACCEPTED
  - sonar.portfolios.recompute.hours=3
Project server settings:
Project scanner properties:
  - sonar.binaries=/Users/jting/Projects/maven-basic-89/target/classes
  - sonar.groovy.binaries=/Users/jting/Projects/maven-basic-89/target/classes
  - sonar.host.url=http://localhost:8900
  - sonar.java.binaries=/Users/jting/Projects/maven-basic-89/target/classes
  - sonar.java.libraries=/Users/jting/.m2/repository/com/google/guava/guava/27.1-jre/guava-27.1-jre.jar,/Users/jting/.m2/repository/com/google/guava/failureaccess/1.0.1/failureaccess-1.0.1.jar,/Users/jting/.m2/repository/com/google/guava/listenablefuture/9999.0-empty-to-avoid-conflict-with-guava/listenablefuture-9999.0-empty-to-avoid-conflict-with-guava.jar,/Users/jting/.m2/repository/com/google/code/findbugs/jsr305/3.0.2/jsr305-3.0.2.jar,/Users/jting/.m2/repository/org/checkerframework/checker-qual/2.5.2/checker-qual-2.5.2.jar,/Users/jting/.m2/repository/com/google/errorprone/error_prone_annotations/2.2.0/error_prone_annotations-2.2.0.jar,/Users/jting/.m2/repository/com/google/j2objc/j2objc-annotations/1.1/j2objc-annotations-1.1.jar,/Users/jting/.m2/repository/org/codehaus/mojo/animal-sniffer-annotations/1.17/animal-sniffer-annotations-1.17.jar
  - sonar.java.source=1.6
  - sonar.java.target=1.6
  - sonar.java.test.binaries=/Users/jting/Projects/maven-basic-89/target/test-classes
  - sonar.java.test.libraries=/Users/jting/Projects/maven-basic-89/target/classes,/Users/jting/.m2/repository/com/google/guava/guava/27.1-jre/guava-27.1-jre.jar,/Users/jting/.m2/repository/com/google/guava/failureaccess/1.0.1/failureaccess-1.0.1.jar,/Users/jting/.m2/repository/com/google/guava/listenablefuture/9999.0-empty-to-avoid-conflict-with-guava/listenablefuture-9999.0-empty-to-avoid-conflict-with-guava.jar,/Users/jting/.m2/repository/com/google/code/findbugs/jsr305/3.0.2/jsr305-3.0.2.jar,/Users/jting/.m2/repository/org/checkerframework/checker-qual/2.5.2/checker-qual-2.5.2.jar,/Users/jting/.m2/repository/com/google/errorprone/error_prone_annotations/2.2.0/error_prone_annotations-2.2.0.jar,/Users/jting/.m2/repository/com/google/j2objc/j2objc-annotations/1.1/j2objc-annotations-1.1.jar,/Users/jting/.m2/repository/org/codehaus/mojo/animal-sniffer-annotations/1.17/animal-sniffer-annotations-1.17.jar,/Users/jting/.m2/repository/junit/junit/4.12/junit-4.12.jar,/Users/jting/.m2/repository/org/hamcrest/hamcrest-co...
  - sonar.junit.reportPaths=/Users/jting/Projects/maven-basic-89/target/surefire-reports
  - sonar.junit.reportsPath=/Users/jting/Projects/maven-basic-89/target/surefire-reports
  - sonar.libraries=/Users/jting/.m2/repository/com/google/guava/guava/27.1-jre/guava-27.1-jre.jar,/Users/jting/.m2/repository/com/google/guava/failureaccess/1.0.1/failureaccess-1.0.1.jar,/Users/jting/.m2/repository/com/google/guava/listenablefuture/9999.0-empty-to-avoid-conflict-with-guava/listenablefuture-9999.0-empty-to-avoid-conflict-with-guava.jar,/Users/jting/.m2/repository/com/google/code/findbugs/jsr305/3.0.2/jsr305-3.0.2.jar,/Users/jting/.m2/repository/org/checkerframework/checker-qual/2.5.2/checker-qual-2.5.2.jar,/Users/jting/.m2/repository/com/google/errorprone/error_prone_annotations/2.2.0/error_prone_annotations-2.2.0.jar,/Users/jting/.m2/repository/com/google/j2objc/j2objc-annotations/1.1/j2objc-annotations-1.1.jar,/Users/jting/.m2/repository/org/codehaus/mojo/animal-sniffer-annotations/1.17/animal-sniffer-annotations-1.17.jar
  - sonar.links.ci=
  - sonar.links.homepage=
  - sonar.links.issue=
  - sonar.links.scm=
  - sonar.links.scm_dev=
  - sonar.login=******
  - sonar.moduleKey=JOJO_maven-basic
  - sonar.password=******
  - sonar.projectBaseDir=/Users/jting/Projects/maven-basic-89
  - sonar.projectBuildDir=/Users/jting/Projects/maven-basic-89/target
  - sonar.projectKey=maven-basic-perf
  - sonar.projectName=Example of basic Maven project
  - sonar.projectVersion=1.0-SNAPSHOT
  - sonar.scanner.app=ScannerMaven
  - sonar.scanner.appVersion=3.7.0.1746/3.8.4
  - sonar.sourceEncoding=UTF-8
  - sonar.sources=/Users/jting/Projects/maven-basic-89/pom.xml,/Users/jting/Projects/maven-basic-89/src/main/java
  - sonar.tests=/Users/jting/Projects/maven-basic-89/src/test/java
  - sonar.verbose=true
  - sonar.working.directory=/Users/jting/Projects/maven-basic-89/target/sonar
